<?xml version="1.0" encoding="UTF-8"?>
<testng-results skipped="0" failed="2" ignored="0" total="2" passed="0">
  <reporter-output>
  </reporter-output>
  <suite name="Suite" duration-ms="16986" started-at="2020-05-24T23:08:15 IST" finished-at="2020-05-24T23:08:32 IST">
    <groups>
    </groups>
    <test name="Test" duration-ms="16986" started-at="2020-05-24T23:08:15 IST" finished-at="2020-05-24T23:08:32 IST">
      <class name="org.leaftaps.testcases.TC001_LoginLogout">
        <test-method status="PASS" signature="setData()[pri:0, instance:org.leaftaps.testcases.TC001_LoginLogout@2a556333]" name="setData" is-config="true" duration-ms="18" started-at="2020-05-24T23:08:15 IST" finished-at="2020-05-24T23:08:15 IST">
          <reporter-output>
          </reporter-output>
        </test-method> <!-- setData -->
        <test-method status="PASS" signature="Login(java.lang.String)[pri:0, instance:org.leaftaps.testcases.TC001_LoginLogout@2a556333]" name="Login" is-config="true" duration-ms="8597" started-at="2020-05-24T23:08:15 IST" finished-at="2020-05-24T23:08:24 IST">
          <params>
            <param index="0">
              <value>
                <![CDATA[http://leaftaps.com/opentaps/]]>
              </value>
            </param>
          </params>
          <reporter-output>
          </reporter-output>
        </test-method> <!-- Login -->
        <test-method status="FAIL" signature="loginLogOut(java.lang.String, java.lang.String)[pri:0, instance:org.leaftaps.testcases.TC001_LoginLogout@2a556333]" name="loginLogOut" duration-ms="9" started-at="2020-05-24T23:08:24 IST" data-provider="getData" finished-at="2020-05-24T23:08:24 IST">
          <params>
            <param index="0">
              <value>
                <![CDATA[Demosalesmanager]]>
              </value>
            </param>
            <param index="1">
              <value>
                <![CDATA[crmsfa]]>
              </value>
            </param>
          </params>
          <exception class="java.lang.Error">
            <message>
              <![CDATA[Unresolved compilation problem: 
Type mismatch: cannot convert from org.openqa.selenium.WebElement to leaftaps.org.design.WebElement
]]>
            </message>
            <full-stacktrace>
              <![CDATA[java.lang.Error: Unresolved compilation problem: 
Type mismatch: cannot convert from org.openqa.selenium.WebElement to leaftaps.org.design.WebElement

at org.leaftaps.pages.LoginPage.enterUserName(LoginPage.java:25)
at org.leaftaps.testcases.TC001_LoginLogout.loginLogOut(TC001_LoginLogout.java:28)
at sun.reflect.NativeMethodAccessorImpl.invoke0(Native Method)
at sun.reflect.NativeMethodAccessorImpl.invoke(Unknown Source)
at sun.reflect.DelegatingMethodAccessorImpl.invoke(Unknown Source)
at java.lang.reflect.Method.invoke(Unknown Source)
at org.testng.internal.MethodInvocationHelper.invokeMethod(MethodInvocationHelper.java:133)
at org.testng.internal.TestInvoker.invokeMethod(TestInvoker.java:584)
at org.testng.internal.TestInvoker.invokeTestMethod(TestInvoker.java:172)
at org.testng.internal.MethodRunner.runInSequence(MethodRunner.java:46)
at org.testng.internal.TestInvoker$MethodInvocationAgent.invoke(TestInvoker.java:804)
at org.testng.internal.TestInvoker.invokeTestMethods(TestInvoker.java:145)
at org.testng.internal.TestMethodWorker.invokeTestMethods(TestMethodWorker.java:146)
at org.testng.internal.TestMethodWorker.run(TestMethodWorker.java:128)
at java.util.ArrayList.forEach(Unknown Source)
at org.testng.TestRunner.privateRun(TestRunner.java:770)
at org.testng.TestRunner.run(TestRunner.java:591)
at org.testng.SuiteRunner.runTest(SuiteRunner.java:402)
at org.testng.SuiteRunner.runSequentially(SuiteRunner.java:396)
at org.testng.SuiteRunner.privateRun(SuiteRunner.java:355)
at org.testng.SuiteRunner.run(SuiteRunner.java:304)
at org.testng.SuiteRunnerWorker.runSuite(SuiteRunnerWorker.java:53)
at org.testng.SuiteRunnerWorker.run(SuiteRunnerWorker.java:96)
at org.testng.TestNG.runSuitesSequentially(TestNG.java:1180)
at org.testng.TestNG.runSuitesLocally(TestNG.java:1102)
at org.testng.TestNG.runSuites(TestNG.java:1032)
at org.testng.TestNG.run(TestNG.java:1000)
at org.testng.remote.AbstractRemoteTestNG.run(AbstractRemoteTestNG.java:115)
at org.testng.remote.RemoteTestNG.initAndRun(RemoteTestNG.java:251)
at org.testng.remote.RemoteTestNG.main(RemoteTestNG.java:77)
]]>
            </full-stacktrace>
          </exception> <!-- java.lang.Error -->
          <reporter-output>
          </reporter-output>
        </test-method> <!-- loginLogOut -->
        <test-method status="PASS" signature="Login(java.lang.String)[pri:0, instance:org.leaftaps.testcases.TC001_LoginLogout@2a556333]" name="Login" is-config="true" duration-ms="7673" started-at="2020-05-24T23:08:24 IST" finished-at="2020-05-24T23:08:32 IST">
          <params>
            <param index="0">
              <value>
                <![CDATA[http://leaftaps.com/opentaps/]]>
              </value>
            </param>
          </params>
          <reporter-output>
          </reporter-output>
        </test-method> <!-- Login -->
        <test-method status="FAIL" signature="loginLogOut(java.lang.String, java.lang.String)[pri:0, instance:org.leaftaps.testcases.TC001_LoginLogout@2a556333]" name="loginLogOut" duration-ms="2" started-at="2020-05-24T23:08:32 IST" data-provider="getData" finished-at="2020-05-24T23:08:32 IST">
          <params>
            <param index="0">
              <value>
                <![CDATA[DemoCSR]]>
              </value>
            </param>
            <param index="1">
              <value>
                <![CDATA[crmsfa]]>
              </value>
            </param>
          </params>
          <exception class="java.lang.Error">
            <message>
              <![CDATA[Unresolved compilation problem: 
Type mismatch: cannot convert from org.openqa.selenium.WebElement to leaftaps.org.design.WebElement
]]>
            </message>
            <full-stacktrace>
              <![CDATA[java.lang.Error: Unresolved compilation problem: 
Type mismatch: cannot convert from org.openqa.selenium.WebElement to leaftaps.org.design.WebElement

at org.leaftaps.pages.LoginPage.enterUserName(LoginPage.java:25)
at org.leaftaps.testcases.TC001_LoginLogout.loginLogOut(TC001_LoginLogout.java:28)
at sun.reflect.NativeMethodAccessorImpl.invoke0(Native Method)
at sun.reflect.NativeMethodAccessorImpl.invoke(Unknown Source)
at sun.reflect.DelegatingMethodAccessorImpl.invoke(Unknown Source)
at java.lang.reflect.Method.invoke(Unknown Source)
at org.testng.internal.MethodInvocationHelper.invokeMethod(MethodInvocationHelper.java:133)
at org.testng.internal.TestInvoker.invokeMethod(TestInvoker.java:584)
at org.testng.internal.TestInvoker.invokeTestMethod(TestInvoker.java:172)
at org.testng.internal.MethodRunner.runInSequence(MethodRunner.java:46)
at org.testng.internal.TestInvoker$MethodInvocationAgent.invoke(TestInvoker.java:804)
at org.testng.internal.TestInvoker.invokeTestMethods(TestInvoker.java:145)
at org.testng.internal.TestMethodWorker.invokeTestMethods(TestMethodWorker.java:146)
at org.testng.internal.TestMethodWorker.run(TestMethodWorker.java:128)
at java.util.ArrayList.forEach(Unknown Source)
at org.testng.TestRunner.privateRun(TestRunner.java:770)
at org.testng.TestRunner.run(TestRunner.java:591)
at org.testng.SuiteRunner.runTest(SuiteRunner.java:402)
at org.testng.SuiteRunner.runSequentially(SuiteRunner.java:396)
at org.testng.SuiteRunner.privateRun(SuiteRunner.java:355)
at org.testng.SuiteRunner.run(SuiteRunner.java:304)
at org.testng.SuiteRunnerWorker.runSuite(SuiteRunnerWorker.java:53)
at org.testng.SuiteRunnerWorker.run(SuiteRunnerWorker.java:96)
at org.testng.TestNG.runSuitesSequentially(TestNG.java:1180)
at org.testng.TestNG.runSuitesLocally(TestNG.java:1102)
at org.testng.TestNG.runSuites(TestNG.java:1032)
at org.testng.TestNG.run(TestNG.java:1000)
at org.testng.remote.AbstractRemoteTestNG.run(AbstractRemoteTestNG.java:115)
at org.testng.remote.RemoteTestNG.initAndRun(RemoteTestNG.java:251)
at org.testng.remote.RemoteTestNG.main(RemoteTestNG.java:77)
]]>
            </full-stacktrace>
          </exception> <!-- java.lang.Error -->
          <reporter-output>
          </reporter-output>
        </test-method> <!-- loginLogOut -->
      </class> <!-- org.leaftaps.testcases.TC001_LoginLogout -->
    </test> <!-- Test -->
  </suite> <!-- Suite -->
</testng-results>
